<?xml version="1.0" encoding="UTF-8"?>
<!-- Generated by org.testng.reporters.JUnitXMLReporter -->
<testsuite hostname="HarshitMansukhJethvas-MacBook-Air.local" ignored="0" name="Test" tests="3" failures="0" timestamp="09 Jun 2021 04:00:41 GMT" time="25.605" errors="0">
  <testcase name="basepagenavigation" time="3.569" classname="Academy_practice.E2Eproject_practice.HomePage"/>
  <testcase name="basepagenavigation" time="0.083" classname="Academy_practice.E2Eproject_practice.ValidateTitle"/>
  <testcase name="basepagenavigation" time="0.14" classname="Academy_practice.E2Eproject_practice.ValidateNavBar"/>
</testsuite> <!-- Test -->
